f:\tbf\trialbyfire\trialbyfire\x64\debug\vc142.pdb
f:\tbf\trialbyfire\trialbyfire\x64\debug\vc142.idb
f:\tbf\trialbyfire\trialbyfire\x64\debug\game_util.obj
f:\tbf\trialbyfire\trialbyfire\x64\debug\game_levelstate_paused.obj
f:\tbf\trialbyfire\trialbyfire\x64\debug\game_levelstate_ingame.obj
f:\tbf\trialbyfire\trialbyfire\x64\debug\game_levelstate.obj
f:\tbf\trialbyfire\trialbyfire\x64\debug\game_entrystate.obj
f:\tbf\trialbyfire\trialbyfire\x64\debug\windows_platform.obj
f:\tbf\trialbyfire\trialbyfire\x64\debug\timing.obj
f:\tbf\trialbyfire\trialbyfire\x64\debug\state_intro.obj
f:\tbf\trialbyfire\trialbyfire\x64\debug\state.obj
f:\tbf\trialbyfire\trialbyfire\x64\debug\renderer.obj
f:\tbf\trialbyfire\trialbyfire\x64\debug\execution.obj
f:\tbf\trialbyfire\trialbyfire\x64\debug\memory.obj
f:\tbf\trialbyfire\trialbyfire\x64\debug\input.obj
f:\tbf\trialbyfire\trialbyfire\x64\debug\floatcompare.obj
f:\tbf\trialbyfire\trialbyfire\x64\debug\cycler.obj
f:\tbf\trialbyfire\trialbyfire\x64\debug\cstring.obj
f:\tbf\trialbyfire\trialbyfire\x64\debug\game_ui.obj
f:\tbf\trialbyfire\x64\debug\trialbyfire.exe
f:\tbf\trialbyfire\x64\debug\trialbyfire.ilk
f:\tbf\trialbyfire\x64\debug\trialbyfire.pdb
f:\tbf\trialbyfire\trialbyfire\x64\debug\vcpkg.applocal.log
f:\tbf\trialbyfire\trialbyfire\x64\debug\trialbyfire.tlog\cl.command.1.tlog
f:\tbf\trialbyfire\trialbyfire\x64\debug\trialbyfire.tlog\cl.read.1.tlog
f:\tbf\trialbyfire\trialbyfire\x64\debug\trialbyfire.tlog\cl.write.1.tlog
f:\tbf\trialbyfire\trialbyfire\x64\debug\trialbyfire.tlog\link.command.1.tlog
f:\tbf\trialbyfire\trialbyfire\x64\debug\trialbyfire.tlog\link.read.1.tlog
f:\tbf\trialbyfire\trialbyfire\x64\debug\trialbyfire.tlog\link.write.1.tlog
f:\tbf\trialbyfire\trialbyfire\x64\debug\trialbyfire.tlog\trialbyfire.write.1u.tlog
